<?xml version="1.0" encoding="UTF-8"?>
<testsuite name="Pagina latam" tests="1" skipped="0" failures="0" errors="0" timestamp="2020-12-02T15:11:08" hostname="CHMEPPF1CNCGZ" time="15.48">
  <properties/>
  <testcase name="Validar la longitud del codigo de reserva" classname="Pagina latam" time="15.48"/>
  <system-out><![CDATA[]]></system-out>
  <system-err><![CDATA[[Test worker] WARN net.thucydides.core.steps.BaseStepListener - stepStarted: net.thucydides.core.steps.ExecutedStepDescription@f2439c6
[Test worker] WARN net.thucydides.core.steps.BaseStepListener - stepStarted: net.thucydides.core.steps.ExecutedStepDescription@7f4c2380
[Test worker] WARN net.thucydides.core.steps.BaseStepListener - stepStarted: net.thucydides.core.steps.ExecutedStepDescription@6e49b4cf
dic 02, 2020 10:11:08 AM org.openqa.selenium.remote.DesiredCapabilities chrome
INFORMACIÓN: Using `new ChromeOptions()` is preferred to `DesiredCapabilities.chrome()`
[Test worker] INFO net.serenitybdd.core.webdriver.driverproviders.ProvideNewDriver - Instantiating driver
[Test worker] INFO net.serenitybdd.core.webdriver.driverproviders.ProvideNewDriver - Driver capabilities: Capabilities {acceptInsecureCerts: false, browserName: chrome, chrome.switches: --start-maximized, goog:chromeOptions: {args: [--start-maximized], extensions: []}, loggingPrefs: org.openqa.selenium.logging..., platform: ANY, version: }
Starting ChromeDriver 87.0.4280.20 (c99e81631faa0b2a448e658c0dbd8311fb04ddbd-refs/branch-heads/4280@{#355}) on port 40413
Only local connections are allowed.
Please see https://chromedriver.chromium.org/security-considerations for suggestions on keeping ChromeDriver safe.
ChromeDriver was started successfully.
dic 02, 2020 10:11:13 AM org.openqa.selenium.remote.ProtocolHandshake createSession
INFORMACIÓN: Detected dialect: W3C
[Test worker] WARN net.thucydides.core.steps.BaseStepListener - stepFinished: current outcome:Validar la longitud del codigo de reserva:Given que Rose quiere validar la longitud del codigo de reserva [Rose open up [Rose opens the Open up page]]
[Test worker] WARN net.thucydides.core.steps.BaseStepListener - stepFinished: current outcome:Validar la longitud del codigo de reserva:Given que Rose quiere validar la longitud del codigo de reserva [Rose open up [Rose opens the Open up page]]
[Test worker] WARN net.thucydides.core.steps.BaseStepListener - stepFinished: current outcome:Validar la longitud del codigo de reserva:Given que Rose quiere validar la longitud del codigo de reserva [Rose open up [Rose opens the Open up page]]
[Test worker] WARN net.thucydides.core.steps.BaseStepListener - stepStarted: net.thucydides.core.steps.ExecutedStepDescription@101eb670
[Test worker] WARN net.thucydides.core.steps.BaseStepListener - stepStarted: net.thucydides.core.steps.ExecutedStepDescription@11c4750
[Test worker] WARN net.thucydides.core.steps.BaseStepListener - stepStarted: net.thucydides.core.steps.ExecutedStepDescription@1637441f
[Test worker] WARN net.thucydides.core.steps.BaseStepListener - stepFinished: current outcome:Validar la longitud del codigo de reserva:Given que Rose quiere validar la longitud del codigo de reserva [Rose open up [Rose opens the Open up page]], When ella ingresa al enlace mis viajes, da clic en ingresa con los datos de su viaje y finalmente abre el enlcace donde encontrarlos [Rose clic [Rose clicks on link mis viajes]]
[Test worker] WARN net.thucydides.core.steps.BaseStepListener - stepStarted: net.thucydides.core.steps.ExecutedStepDescription@53ee84c8
[Test worker] WARN net.thucydides.core.steps.BaseStepListener - stepFinished: current outcome:Validar la longitud del codigo de reserva:Given que Rose quiere validar la longitud del codigo de reserva [Rose open up [Rose opens the Open up page]], When ella ingresa al enlace mis viajes, da clic en ingresa con los datos de su viaje y finalmente abre el enlcace donde encontrarlos [Rose clic [Rose clicks on link mis viajes, Rose clicks on link mis viajes]]
[Test worker] WARN net.thucydides.core.steps.BaseStepListener - stepStarted: net.thucydides.core.steps.ExecutedStepDescription@4652738b
[Test worker] WARN net.thucydides.core.steps.BaseStepListener - stepFinished: current outcome:Validar la longitud del codigo de reserva:Given que Rose quiere validar la longitud del codigo de reserva [Rose open up [Rose opens the Open up page]], When ella ingresa al enlace mis viajes, da clic en ingresa con los datos de su viaje y finalmente abre el enlcace donde encontrarlos [Rose clic [Rose clicks on link mis viajes, Rose clicks on link mis viajes, Rose clicks on link mis viajes]]
[Test worker] WARN net.thucydides.core.steps.BaseStepListener - stepFinished: current outcome:Validar la longitud del codigo de reserva:Given que Rose quiere validar la longitud del codigo de reserva [Rose open up [Rose opens the Open up page]], When ella ingresa al enlace mis viajes, da clic en ingresa con los datos de su viaje y finalmente abre el enlcace donde encontrarlos [Rose clic [Rose clicks on link mis viajes, Rose clicks on link mis viajes, Rose clicks on link mis viajes]]
[Test worker] WARN net.thucydides.core.steps.BaseStepListener - stepFinished: current outcome:Validar la longitud del codigo de reserva:Given que Rose quiere validar la longitud del codigo de reserva [Rose open up [Rose opens the Open up page]], When ella ingresa al enlace mis viajes, da clic en ingresa con los datos de su viaje y finalmente abre el enlcace donde encontrarlos [Rose clic [Rose clicks on link mis viajes, Rose clicks on link mis viajes, Rose clicks on link mis viajes]]
[Test worker] WARN net.thucydides.core.steps.BaseStepListener - stepStarted: net.thucydides.core.steps.ExecutedStepDescription@6ee582f3
[Test worker] WARN net.thucydides.core.steps.BaseStepListener - stepStarted: net.thucydides.core.steps.ExecutedStepDescription@8f69a37
[Test worker] WARN net.thucydides.core.steps.BaseStepListener - stepFinished: current outcome:Validar la longitud del codigo de reserva:Given que Rose quiere validar la longitud del codigo de reserva [Rose open up [Rose opens the Open up page]], When ella ingresa al enlace mis viajes, da clic en ingresa con los datos de su viaje y finalmente abre el enlcace donde encontrarlos [Rose clic [Rose clicks on link mis viajes, Rose clicks on link mis viajes, Rose clicks on link mis viajes]], Then ella valida que la longitud del codigo reserva es 6 caracteres [Then answer]
[Test worker] WARN net.thucydides.core.steps.BaseStepListener - stepFinished: current outcome:Validar la longitud del codigo de reserva:Given que Rose quiere validar la longitud del codigo de reserva [Rose open up [Rose opens the Open up page]], When ella ingresa al enlace mis viajes, da clic en ingresa con los datos de su viaje y finalmente abre el enlcace donde encontrarlos [Rose clic [Rose clicks on link mis viajes, Rose clicks on link mis viajes, Rose clicks on link mis viajes]], Then ella valida que la longitud del codigo reserva es 6 caracteres [Then answer]
[Test worker] WARN net.thucydides.core.steps.BaseStepListener - testFinished: Validar la longitud del codigo de reserva:Given que Rose quiere validar la longitud del codigo de reserva [Rose open up [Rose opens the Open up page]], When ella ingresa al enlace mis viajes, da clic en ingresa con los datos de su viaje y finalmente abre el enlcace donde encontrarlos [Rose clic [Rose clicks on link mis viajes, Rose clicks on link mis viajes, Rose clicks on link mis viajes]], Then ella valida que la longitud del codigo reserva es 6 caracteres [Then answer]
[Test worker] WARN net.thucydides.core.steps.BaseStepListener - TestOutcomes: [Validar la longitud del codigo de reserva:Given que Rose quiere validar la longitud del codigo de reserva [Rose open up [Rose opens the Open up page]], When ella ingresa al enlace mis viajes, da clic en ingresa con los datos de su viaje y finalmente abre el enlcace donde encontrarlos [Rose clic [Rose clicks on link mis viajes, Rose clicks on link mis viajes, Rose clicks on link mis viajes]], Then ella valida que la longitud del codigo reserva es 6 caracteres [Then answer]]
[Test worker] WARN net.thucydides.core.steps.BaseStepListener - Final testOutcomes: [Validar la longitud del codigo de reserva:Given que Rose quiere validar la longitud del codigo de reserva [Rose open up [Rose opens the Open up page]], When ella ingresa al enlace mis viajes, da clic en ingresa con los datos de su viaje y finalmente abre el enlcace donde encontrarlos [Rose clic [Rose clicks on link mis viajes, Rose clicks on link mis viajes, Rose clicks on link mis viajes]], Then ella valida que la longitud del codigo reserva es 6 caracteres [Then answer]]
[Test worker] INFO net.thucydides.core.steps.ConsoleLoggingListener - 
        __    _____ _____ ____ _____   ____   _    ____  ____  _____ ____  
  _     \ \  |_   _| ____/ ___|_   _| |  _ \ / \  / ___|/ ___|| ____|  _ \ 
 (_)_____| |   | | |  _| \___ \ | |   | |_) / _ \ \___ \\___ \|  _| | | | |
  _|_____| |   | | | |___ ___) || |   |  __/ ___ \ ___) |___) | |___| |_| |
 (_)     | |   |_| |_____|____/ |_|   |_| /_/   \_\____/|____/|_____|____/ 
        /_/                                                                

TEST PASSED: Validar la longitud del codigo de reserva
----------------------------------------------------------------------------
]]></system-err>
</testsuite>
